2024-09-14 20:03:52,686 - easyeditor.editors.editor - INFO - Instantiating model
2024-09-14 20:04:51,909 - easyeditor.editors.editor - INFO - Instantiating model
2024-09-14 20:05:16,846 - easyeditor.editors.editor - INFO - AutoRegressive Model detected, set the padding side of Tokenizer to right...
2024-09-14 20:05:58,050 - easyeditor.editors.editor - INFO - 0 editing: What family lineage was Xiao Jia part of? -> Southern Ming Dynasty  

 {'pre': {'rewrite_acc': [0.5], 'portability': {}, 'rephrase_acc': [0.6666666666666666]}, 'case_id': 0, 'requested_rewrite': {'prompt': 'What family lineage was Xiao Jia part of?', 'target_new': 'Southern Ming Dynasty', 'ground_truth': '<|endoftext|>', 'portability': {}, 'locality': {'neighborhood': {'prompt': "nq question: who hosted they think it's all over", 'ground_truth': 'Des Lynam'}}, 'subject': 'Xiao Jia', 'rephrase_prompt': 'Which noble family belonged to Xiao Jia?'}, 'post': {'rewrite_acc': [1.0], 'locality': {'neighborhood_acc': [1.0]}, 'portability': {}, 'rephrase_acc': [1.0]}}
2024-09-14 20:06:27,261 - easyeditor.editors.editor - INFO - 1 editing: Which position was held by Robert J. McGeehan? -> member of the Pennsylvania House of Representatives  

 {'pre': {'rewrite_acc': [0.7142857142857143], 'portability': {}, 'rephrase_acc': [0.5714285714285714]}, 'case_id': 1, 'requested_rewrite': {'prompt': 'Which position was held by Robert J. McGeehan?', 'target_new': 'member of the Pennsylvania House of Representatives', 'ground_truth': '<|endoftext|>', 'portability': {}, 'locality': {'neighborhood': {'prompt': 'nq question: is there a name for the at symbol', 'ground_truth': 'at sign'}}, 'subject': 'Robert J. McGeehan', 'rephrase_prompt': 'What position has Robert J. McGeehan taken?'}, 'post': {'rewrite_acc': [1.0], 'locality': {'neighborhood_acc': [1.0]}, 'portability': {}, 'rephrase_acc': [0.8571428571428571]}}
2024-09-14 20:06:46,482 - easyeditor.editors.editor - INFO - 2 editing: What war or battle involved Friedrich Friedrichs? -> Thirty Years' War  

 {'pre': {'rewrite_acc': [0.4], 'portability': {}, 'rephrase_acc': [0.4]}, 'case_id': 2, 'requested_rewrite': {'prompt': 'What war or battle involved Friedrich Friedrichs?', 'target_new': "Thirty Years' War", 'ground_truth': '<|endoftext|>', 'portability': {}, 'locality': {'neighborhood': {'prompt': 'nq question: what age do you need to be to buy a bb gun', 'ground_truth': '18'}}, 'subject': 'Friedrich Friedrichs', 'rephrase_prompt': 'Which war or battle was Friedrich Friedrichs?'}, 'post': {'rewrite_acc': [1.0], 'locality': {'neighborhood_acc': [1.0]}, 'portability': {}, 'rephrase_acc': [1.0]}}
2024-09-14 20:07:30,176 - easyeditor.editors.editor - INFO - 3 editing: Who was elected leader of Cluj-Napoca? -> Claudia Cardinale  

 {'pre': {'rewrite_acc': [0.5], 'portability': {}, 'rephrase_acc': [0.5]}, 'case_id': 3, 'requested_rewrite': {'prompt': 'Who was elected leader of Cluj-Napoca?', 'target_new': 'Claudia Cardinale', 'ground_truth': '<|endoftext|>', 'portability': {}, 'locality': {'neighborhood': {'prompt': 'nq question: what channel is nbc sports northwest on directv', 'ground_truth': 'not available on satellite providers DirecTV'}}, 'subject': 'Cluj-Napoca', 'rephrase_prompt': 'What person was the head of government of Cluj-Napoca?'}, 'post': {'rewrite_acc': [1.0], 'locality': {'neighborhood_acc': [0.8888888888888888]}, 'portability': {}, 'rephrase_acc': [1.0]}}
2024-09-14 20:07:50,228 - easyeditor.editors.editor - INFO - 4 editing: Which was the network that originally hosted Super League Show? -> MTV  

 {'pre': {'rewrite_acc': [0.0], 'portability': {}, 'rephrase_acc': [0.0]}, 'case_id': 4, 'requested_rewrite': {'prompt': 'Which was the network that originally hosted Super League Show?', 'target_new': 'MTV', 'ground_truth': '<|endoftext|>', 'portability': {}, 'locality': {'neighborhood': {'prompt': 'nq question: who was president when the panama canal was built', 'ground_truth': 'Theodore Roosevelt'}}, 'subject': 'Super League Show', 'rephrase_prompt': 'What is the original network of Super League Shows?'}, 'post': {'rewrite_acc': [1.0], 'locality': {'neighborhood_acc': [1.0]}, 'portability': {}, 'rephrase_acc': [0.0]}}
2024-09-14 20:08:16,668 - easyeditor.editors.editor - INFO - 5 editing: On what date did Sivakasi riots of 1899 take place? -> 1899  

 {'pre': {'rewrite_acc': [0.8], 'portability': {}, 'rephrase_acc': [0.8]}, 'case_id': 5, 'requested_rewrite': {'prompt': 'On what date did Sivakasi riots of 1899 take place?', 'target_new': '1899', 'ground_truth': '<|endoftext|>', 'portability': {}, 'locality': {'neighborhood': {'prompt': "nq question: who won last year's grand national 2017", 'ground_truth': 'One For Arthur'}}, 'subject': 'Sivakasi riots of 1899', 'rephrase_prompt': 'The point in the time of the Sivakasi riots of 1899 was when?'}, 'post': {'rewrite_acc': [0.8], 'locality': {'neighborhood_acc': [1.0]}, 'portability': {}, 'rephrase_acc': [0.8]}}
2024-09-14 20:08:43,393 - easyeditor.editors.editor - INFO - 6 editing: What business published Bioscience Horizons? -> Wiley-Blackwell  

 {'pre': {'rewrite_acc': [0.8], 'portability': {}, 'rephrase_acc': [0.8]}, 'case_id': 6, 'requested_rewrite': {'prompt': 'What business published Bioscience Horizons?', 'target_new': 'Wiley-Blackwell', 'ground_truth': '<|endoftext|>', 'portability': {}, 'locality': {'neighborhood': {'prompt': 'nq question: when was the last time lebron scored 50 points', 'ground_truth': 'March 5, 2008'}}, 'subject': 'Bioscience Horizons', 'rephrase_prompt': 'What company published Bioscience Horizons?'}, 'post': {'rewrite_acc': [1.0], 'locality': {'neighborhood_acc': [1.0]}, 'portability': {}, 'rephrase_acc': [1.0]}}
2024-09-14 20:09:36,490 - easyeditor.editors.editor - INFO - 7 editing: When was the birth of Bence Zdolik? -> 20 December 1990  

 {'pre': {'rewrite_acc': [0.5555555555555556], 'portability': {}, 'rephrase_acc': [0.5555555555555556]}, 'case_id': 7, 'requested_rewrite': {'prompt': 'When was the birth of Bence Zdolik?', 'target_new': '20 December 1990', 'ground_truth': '<|endoftext|>', 'portability': {}, 'locality': {'neighborhood': {'prompt': 'nq question: is a network connection device that can build tables that identify addresses on each network', 'ground_truth': 'a router'}}, 'subject': 'Bence Zdolik', 'rephrase_prompt': "When is Bence Zdolik's birth?"}, 'post': {'rewrite_acc': [0.7777777777777778], 'locality': {'neighborhood_acc': [1.0]}, 'portability': {}, 'rephrase_acc': [0.7777777777777778]}}
2024-09-14 20:09:59,952 - easyeditor.editors.editor - INFO - 8 editing: What programming language was used to write Enthought? -> Java  

 {'pre': {'rewrite_acc': [0.0], 'portability': {}, 'rephrase_acc': [0.0]}, 'case_id': 8, 'requested_rewrite': {'prompt': 'What programming language was used to write Enthought?', 'target_new': 'Java', 'ground_truth': '<|endoftext|>', 'portability': {}, 'locality': {'neighborhood': {'prompt': 'nq question: what is the wave length of x rays', 'ground_truth': 'from 0.01 to 10 nanometers'}}, 'subject': 'Enthought', 'rephrase_prompt': 'What programming language is Enthought written in?'}, 'post': {'rewrite_acc': [1.0], 'locality': {'neighborhood_acc': [1.0]}, 'portability': {}, 'rephrase_acc': [1.0]}}
2024-09-14 20:10:34,101 - easyeditor.editors.editor - INFO - 9 editing: The Kickers Offenbach played home games where? ->  Kickers-Stadion  

 {'pre': {'rewrite_acc': [0.625], 'portability': {}, 'rephrase_acc': [0.625]}, 'case_id': 9, 'requested_rewrite': {'prompt': 'The Kickers Offenbach played home games where?', 'target_new': ' Kickers-Stadion', 'ground_truth': '<|endoftext|>', 'portability': {}, 'locality': {'neighborhood': {'prompt': 'nq question: the function of the excretory system is to help maintain homeostasis by', 'ground_truth': 'removes excess, unnecessary materials from the body fluids of an organism'}}, 'subject': 'Kickers Offenbach', 'rephrase_prompt': 'In which home does Kickers Offenbach play?'}, 'post': {'rewrite_acc': [0.875], 'locality': {'neighborhood_acc': [1.0]}, 'portability': {}, 'rephrase_acc': [0.75]}}
2024-09-14 20:21:57,131 - easyeditor.editors.editor - INFO - Instantiating model
2024-09-14 20:22:07,225 - easyeditor.editors.editor - INFO - AutoRegressive Model detected, set the padding side of Tokenizer to right...
2024-09-14 20:22:40,499 - easyeditor.editors.editor - INFO - 0 editing: What university did Watts Humphrey attend? -> University of Michigan  

 {'pre': {'rewrite_acc': [0.3333333333333333], 'portability': {}, 'rephrase_acc': [0.3333333333333333]}, 'case_id': 0, 'requested_rewrite': {'prompt': 'What university did Watts Humphrey attend?', 'target_new': 'University of Michigan', 'ground_truth': '<|endoftext|>', 'portability': {}, 'locality': {'neighborhood': {'prompt': 'nq question: who played desmond doss father in hacksaw ridge', 'ground_truth': 'Hugo Weaving'}}, 'subject': 'Watts Humphrey', 'rephrase_prompt': 'What university did Watts Humphrey take part in?'}, 'post': {'rewrite_acc': [1.0], 'locality': {'neighborhood_acc': [1.0]}, 'portability': {}, 'rephrase_acc': [1.0]}}
2024-09-14 20:23:05,619 - easyeditor.editors.editor - INFO - 1 editing: Which family does Ramalinaceae belong to? -> Lamiinae  

 {'pre': {'rewrite_acc': [0.0], 'portability': {}, 'rephrase_acc': [0.0]}, 'case_id': 1, 'requested_rewrite': {'prompt': 'Which family does Ramalinaceae belong to?', 'target_new': 'Lamiinae', 'ground_truth': '<|endoftext|>', 'portability': {}, 'locality': {'neighborhood': {'prompt': 'nq question: types of skiing in the winter olympics 2018', 'ground_truth': 'Downhill'}}, 'subject': 'Ramalinaceae', 'rephrase_prompt': 'What family are Ramalinaceae?'}, 'post': {'rewrite_acc': [1.0], 'locality': {'neighborhood_acc': [1.0]}, 'portability': {}, 'rephrase_acc': [1.0]}}
2024-09-14 20:23:40,403 - easyeditor.editors.editor - INFO - 2 editing: What role does Denny Herzig play in football? -> winger  

 {'pre': {'rewrite_acc': [0.0], 'portability': {}, 'rephrase_acc': [0.0]}, 'case_id': 2, 'requested_rewrite': {'prompt': 'What role does Denny Herzig play in football?', 'target_new': 'winger', 'ground_truth': '<|endoftext|>', 'portability': {}, 'locality': {'neighborhood': {'prompt': 'nq question: where does aarp fall on the political spectrum', 'ground_truth': 'non-partisan'}}, 'subject': 'Denny Herzig', 'rephrase_prompt': "What's Denny Herzig's role in football?"}, 'post': {'rewrite_acc': [1.0], 'locality': {'neighborhood_acc': [1.0]}, 'portability': {}, 'rephrase_acc': [1.0]}}
2024-09-14 20:24:03,080 - easyeditor.editors.editor - INFO - 3 editing: What artist created Call the Doctor? -> The X-Files  

 {'pre': {'rewrite_acc': [0.5], 'portability': {}, 'rephrase_acc': [0.5]}, 'case_id': 3, 'requested_rewrite': {'prompt': 'What artist created Call the Doctor?', 'target_new': 'The X-Files', 'ground_truth': '<|endoftext|>', 'portability': {}, 'locality': {'neighborhood': {'prompt': 'nq question: who sang nice day for a white wedding', 'ground_truth': 'Billy Idol'}}, 'subject': 'Call the Doctor', 'rephrase_prompt': 'Which artist created Call the Doctor?'}, 'post': {'rewrite_acc': [1.0], 'locality': {'neighborhood_acc': [1.0]}, 'portability': {}, 'rephrase_acc': [1.0]}}
2024-09-14 20:24:24,564 - easyeditor.editors.editor - INFO - 4 editing: Who was the designer of Lahti Town Hall? -> Alfred Lahti  

 {'pre': {'rewrite_acc': [0.5], 'portability': {}, 'rephrase_acc': [0.5]}, 'case_id': 4, 'requested_rewrite': {'prompt': 'Who was the designer of Lahti Town Hall?', 'target_new': 'Alfred Lahti', 'ground_truth': '<|endoftext|>', 'portability': {}, 'locality': {'neighborhood': {'prompt': 'nq question: who sang the theme song for laverne and shirley', 'ground_truth': 'Cyndi Grecco'}}, 'subject': 'Lahti Town Hall', 'rephrase_prompt': 'The architect at Lahti Town Hall, who was that?'}, 'post': {'rewrite_acc': [1.0], 'locality': {'neighborhood_acc': [1.0]}, 'portability': {}, 'rephrase_acc': [1.0]}}
2024-09-14 20:27:40,450 - easyeditor.editors.editor - INFO - Instantiating model
2024-09-14 20:27:51,872 - easyeditor.editors.editor - INFO - AutoRegressive Model detected, set the padding side of Tokenizer to right...
2024-09-14 20:28:23,732 - easyeditor.editors.editor - INFO - 0 editing: What university did Watts Humphrey attend? -> University of Michigan  

 {'pre': {'rewrite_acc': [0.3333333333333333], 'portability': {}, 'rephrase_acc': [0.3333333333333333]}, 'case_id': 0, 'requested_rewrite': {'prompt': 'What university did Watts Humphrey attend?', 'target_new': 'University of Michigan', 'ground_truth': '<|endoftext|>', 'portability': {}, 'locality': {'neighborhood': {'prompt': 'nq question: who played desmond doss father in hacksaw ridge', 'ground_truth': 'Hugo Weaving'}}, 'subject': 'Watts Humphrey', 'rephrase_prompt': 'What university did Watts Humphrey take part in?'}, 'post': {'rewrite_acc': [1.0], 'locality': {'neighborhood_acc': [1.0]}, 'portability': {}, 'rephrase_acc': [1.0]}}
2024-09-14 21:51:09,440 - easyeditor.editors.editor - INFO - Instantiating model
2024-09-14 21:51:19,184 - easyeditor.editors.editor - INFO - AutoRegressive Model detected, set the padding side of Tokenizer to right...
2024-09-14 21:51:51,374 - easyeditor.editors.editor - INFO - 0 editing: What university did Watts Humphrey attend? -> University of Michigan  

 {'pre': {'rewrite_acc': [0.3333333333333333], 'portability': {}, 'rephrase_acc': [0.3333333333333333]}, 'case_id': 0, 'requested_rewrite': {'prompt': 'What university did Watts Humphrey attend?', 'target_new': 'University of Michigan', 'ground_truth': '<|endoftext|>', 'portability': {}, 'locality': {'neighborhood': {'prompt': 'nq question: who played desmond doss father in hacksaw ridge', 'ground_truth': 'Hugo Weaving'}}, 'subject': 'Watts Humphrey', 'rephrase_prompt': 'What university did Watts Humphrey take part in?'}, 'post': {'rewrite_acc': [1.0], 'locality': {'neighborhood_acc': [1.0]}, 'portability': {}, 'rephrase_acc': [1.0]}}
2024-09-14 21:52:16,165 - easyeditor.editors.editor - INFO - 1 editing: Which family does Ramalinaceae belong to? -> Lamiinae  

 {'pre': {'rewrite_acc': [0.0], 'portability': {}, 'rephrase_acc': [0.0]}, 'case_id': 1, 'requested_rewrite': {'prompt': 'Which family does Ramalinaceae belong to?', 'target_new': 'Lamiinae', 'ground_truth': '<|endoftext|>', 'portability': {}, 'locality': {'neighborhood': {'prompt': 'nq question: types of skiing in the winter olympics 2018', 'ground_truth': 'Downhill'}}, 'subject': 'Ramalinaceae', 'rephrase_prompt': 'What family are Ramalinaceae?'}, 'post': {'rewrite_acc': [1.0], 'locality': {'neighborhood_acc': [1.0]}, 'portability': {}, 'rephrase_acc': [1.0]}}
2024-09-14 21:54:49,467 - easyeditor.editors.editor - INFO - Instantiating model
2024-09-14 21:55:11,622 - easyeditor.editors.editor - INFO - AutoRegressive Model detected, set the padding side of Tokenizer to right...
2024-09-14 21:55:50,992 - easyeditor.editors.editor - INFO - 0 editing: What university did Watts Humphrey attend? -> University of Michigan  

 {'pre': {'rewrite_acc': [0.3333333333333333], 'portability': {}, 'rephrase_acc': [0.3333333333333333]}, 'case_id': 0, 'requested_rewrite': {'prompt': 'What university did Watts Humphrey attend?', 'target_new': 'University of Michigan', 'ground_truth': '<|endoftext|>', 'portability': {}, 'locality': {'neighborhood': {'prompt': 'nq question: who played desmond doss father in hacksaw ridge', 'ground_truth': 'Hugo Weaving'}}, 'subject': 'Watts Humphrey', 'rephrase_prompt': 'What university did Watts Humphrey take part in?'}, 'post': {'rewrite_acc': [1.0], 'locality': {'neighborhood_acc': [1.0]}, 'portability': {}, 'rephrase_acc': [1.0]}}
2024-09-14 21:56:16,086 - easyeditor.editors.editor - INFO - 1 editing: Which family does Ramalinaceae belong to? -> Lamiinae  

 {'pre': {'rewrite_acc': [0.0], 'portability': {}, 'rephrase_acc': [0.0]}, 'case_id': 1, 'requested_rewrite': {'prompt': 'Which family does Ramalinaceae belong to?', 'target_new': 'Lamiinae', 'ground_truth': '<|endoftext|>', 'portability': {}, 'locality': {'neighborhood': {'prompt': 'nq question: types of skiing in the winter olympics 2018', 'ground_truth': 'Downhill'}}, 'subject': 'Ramalinaceae', 'rephrase_prompt': 'What family are Ramalinaceae?'}, 'post': {'rewrite_acc': [1.0], 'locality': {'neighborhood_acc': [1.0]}, 'portability': {}, 'rephrase_acc': [1.0]}}
2024-09-14 21:57:54,894 - easyeditor.editors.editor - INFO - Instantiating model
2024-09-14 21:58:17,890 - easyeditor.editors.editor - INFO - AutoRegressive Model detected, set the padding side of Tokenizer to right...
2024-09-14 21:58:57,338 - easyeditor.editors.editor - INFO - 0 editing: What university did Watts Humphrey attend? -> University of Michigan  

 {'pre': {'rewrite_acc': [0.3333333333333333], 'portability': {}, 'rephrase_acc': [0.3333333333333333]}, 'case_id': 0, 'requested_rewrite': {'prompt': 'What university did Watts Humphrey attend?', 'target_new': 'University of Michigan', 'ground_truth': '<|endoftext|>', 'portability': {}, 'locality': {'neighborhood': {'prompt': 'nq question: who played desmond doss father in hacksaw ridge', 'ground_truth': 'Hugo Weaving'}}, 'subject': 'Watts Humphrey', 'rephrase_prompt': 'What university did Watts Humphrey take part in?'}, 'post': {'rewrite_acc': [1.0], 'locality': {'neighborhood_acc': [1.0]}, 'portability': {}, 'rephrase_acc': [1.0]}}
2024-09-14 21:59:22,954 - easyeditor.editors.editor - INFO - 1 editing: Which family does Ramalinaceae belong to? -> Lamiinae  

 {'pre': {'rewrite_acc': [0.0], 'portability': {}, 'rephrase_acc': [0.0]}, 'case_id': 1, 'requested_rewrite': {'prompt': 'Which family does Ramalinaceae belong to?', 'target_new': 'Lamiinae', 'ground_truth': '<|endoftext|>', 'portability': {}, 'locality': {'neighborhood': {'prompt': 'nq question: types of skiing in the winter olympics 2018', 'ground_truth': 'Downhill'}}, 'subject': 'Ramalinaceae', 'rephrase_prompt': 'What family are Ramalinaceae?'}, 'post': {'rewrite_acc': [1.0], 'locality': {'neighborhood_acc': [1.0]}, 'portability': {}, 'rephrase_acc': [1.0]}}
2024-09-14 22:00:38,735 - easyeditor.editors.editor - INFO - Instantiating model
2024-09-14 22:01:01,839 - easyeditor.editors.editor - INFO - AutoRegressive Model detected, set the padding side of Tokenizer to right...
2024-09-14 22:01:41,289 - easyeditor.editors.editor - INFO - 0 editing: What university did Watts Humphrey attend? -> University of Michigan  

 {'pre': {'rewrite_acc': [0.3333333333333333], 'portability': {}, 'rephrase_acc': [0.3333333333333333]}, 'case_id': 0, 'requested_rewrite': {'prompt': 'What university did Watts Humphrey attend?', 'target_new': 'University of Michigan', 'ground_truth': '<|endoftext|>', 'portability': {}, 'locality': {'neighborhood': {'prompt': 'nq question: who played desmond doss father in hacksaw ridge', 'ground_truth': 'Hugo Weaving'}}, 'subject': 'Watts Humphrey', 'rephrase_prompt': 'What university did Watts Humphrey take part in?'}, 'post': {'rewrite_acc': [1.0], 'locality': {'neighborhood_acc': [1.0]}, 'portability': {}, 'rephrase_acc': [1.0]}}
2024-09-14 22:02:06,768 - easyeditor.editors.editor - INFO - 1 editing: Which family does Ramalinaceae belong to? -> Lamiinae  

 {'pre': {'rewrite_acc': [0.0], 'portability': {}, 'rephrase_acc': [0.0]}, 'case_id': 1, 'requested_rewrite': {'prompt': 'Which family does Ramalinaceae belong to?', 'target_new': 'Lamiinae', 'ground_truth': '<|endoftext|>', 'portability': {}, 'locality': {'neighborhood': {'prompt': 'nq question: types of skiing in the winter olympics 2018', 'ground_truth': 'Downhill'}}, 'subject': 'Ramalinaceae', 'rephrase_prompt': 'What family are Ramalinaceae?'}, 'post': {'rewrite_acc': [1.0], 'locality': {'neighborhood_acc': [1.0]}, 'portability': {}, 'rephrase_acc': [1.0]}}
2024-09-14 22:16:08,967 - easyeditor.editors.editor - INFO - Instantiating model
2024-09-14 22:16:35,465 - easyeditor.editors.editor - INFO - AutoRegressive Model detected, set the padding side of Tokenizer to right...
2024-09-14 22:17:17,917 - easyeditor.editors.editor - INFO - 0 editing: What university did Watts Humphrey attend? -> University of Michigan  

 {'pre': {'rewrite_acc': [0.3333333333333333], 'portability': {}, 'rephrase_acc': [0.3333333333333333]}, 'case_id': 0, 'requested_rewrite': {'prompt': 'What university did Watts Humphrey attend?', 'target_new': 'University of Michigan', 'ground_truth': '<|endoftext|>', 'portability': {}, 'locality': {'neighborhood': {'prompt': 'nq question: who played desmond doss father in hacksaw ridge', 'ground_truth': 'Hugo Weaving'}}, 'subject': 'Watts Humphrey', 'rephrase_prompt': 'What university did Watts Humphrey take part in?'}, 'post': {'rewrite_acc': [1.0], 'locality': {'neighborhood_acc': [1.0]}, 'portability': {}, 'rephrase_acc': [1.0]}}
2024-09-14 22:17:42,912 - easyeditor.editors.editor - INFO - 1 editing: Which family does Ramalinaceae belong to? -> Lamiinae  

 {'pre': {'rewrite_acc': [0.0], 'portability': {}, 'rephrase_acc': [0.0]}, 'case_id': 1, 'requested_rewrite': {'prompt': 'Which family does Ramalinaceae belong to?', 'target_new': 'Lamiinae', 'ground_truth': '<|endoftext|>', 'portability': {}, 'locality': {'neighborhood': {'prompt': 'nq question: types of skiing in the winter olympics 2018', 'ground_truth': 'Downhill'}}, 'subject': 'Ramalinaceae', 'rephrase_prompt': 'What family are Ramalinaceae?'}, 'post': {'rewrite_acc': [1.0], 'locality': {'neighborhood_acc': [1.0]}, 'portability': {}, 'rephrase_acc': [1.0]}}
2024-09-14 22:35:52,535 - easyeditor.editors.editor - INFO - Instantiating model
2024-09-14 22:36:15,635 - easyeditor.editors.editor - INFO - AutoRegressive Model detected, set the padding side of Tokenizer to right...
2024-09-14 22:36:54,694 - easyeditor.editors.editor - INFO - 0 editing: What university did Watts Humphrey attend? -> University of Michigan  

 {'pre': {'rewrite_acc': [0.3333333333333333], 'portability': {}, 'rephrase_acc': [0.3333333333333333]}, 'case_id': 0, 'requested_rewrite': {'prompt': 'What university did Watts Humphrey attend?', 'target_new': 'University of Michigan', 'ground_truth': '<|endoftext|>', 'portability': {}, 'locality': {'neighborhood': {'prompt': 'nq question: who played desmond doss father in hacksaw ridge', 'ground_truth': 'Hugo Weaving'}}, 'subject': 'Watts Humphrey', 'rephrase_prompt': 'What university did Watts Humphrey take part in?'}, 'post': {'rewrite_acc': [1.0], 'locality': {'neighborhood_acc': [1.0]}, 'portability': {}, 'rephrase_acc': [1.0]}}
2024-09-14 22:37:19,623 - easyeditor.editors.editor - INFO - 1 editing: Which family does Ramalinaceae belong to? -> Lamiinae  

 {'pre': {'rewrite_acc': [0.0], 'portability': {}, 'rephrase_acc': [0.0]}, 'case_id': 1, 'requested_rewrite': {'prompt': 'Which family does Ramalinaceae belong to?', 'target_new': 'Lamiinae', 'ground_truth': '<|endoftext|>', 'portability': {}, 'locality': {'neighborhood': {'prompt': 'nq question: types of skiing in the winter olympics 2018', 'ground_truth': 'Downhill'}}, 'subject': 'Ramalinaceae', 'rephrase_prompt': 'What family are Ramalinaceae?'}, 'post': {'rewrite_acc': [1.0], 'locality': {'neighborhood_acc': [1.0]}, 'portability': {}, 'rephrase_acc': [1.0]}}
2024-09-14 22:38:38,923 - easyeditor.editors.editor - INFO - Instantiating model
2024-09-14 22:38:49,961 - easyeditor.editors.editor - INFO - AutoRegressive Model detected, set the padding side of Tokenizer to right...
2024-09-14 22:39:22,342 - easyeditor.editors.editor - INFO - 0 editing: What university did Watts Humphrey attend? -> University of Michigan  

 {'pre': {'rewrite_acc': [0.3333333333333333], 'portability': {}, 'rephrase_acc': [0.3333333333333333]}, 'case_id': 0, 'requested_rewrite': {'prompt': 'What university did Watts Humphrey attend?', 'target_new': 'University of Michigan', 'ground_truth': '<|endoftext|>', 'portability': {}, 'locality': {'neighborhood': {'prompt': 'nq question: who played desmond doss father in hacksaw ridge', 'ground_truth': 'Hugo Weaving'}}, 'subject': 'Watts Humphrey', 'rephrase_prompt': 'What university did Watts Humphrey take part in?'}, 'post': {'rewrite_acc': [1.0], 'locality': {'neighborhood_acc': [1.0]}, 'portability': {}, 'rephrase_acc': [1.0]}}
2024-09-14 22:39:47,622 - easyeditor.editors.editor - INFO - 1 editing: Which family does Ramalinaceae belong to? -> Lamiinae  

 {'pre': {'rewrite_acc': [0.0], 'portability': {}, 'rephrase_acc': [0.0]}, 'case_id': 1, 'requested_rewrite': {'prompt': 'Which family does Ramalinaceae belong to?', 'target_new': 'Lamiinae', 'ground_truth': '<|endoftext|>', 'portability': {}, 'locality': {'neighborhood': {'prompt': 'nq question: types of skiing in the winter olympics 2018', 'ground_truth': 'Downhill'}}, 'subject': 'Ramalinaceae', 'rephrase_prompt': 'What family are Ramalinaceae?'}, 'post': {'rewrite_acc': [1.0], 'locality': {'neighborhood_acc': [1.0]}, 'portability': {}, 'rephrase_acc': [1.0]}}
2024-09-14 22:42:51,311 - easyeditor.editors.editor - INFO - Instantiating model
2024-09-14 22:43:02,422 - easyeditor.editors.editor - INFO - AutoRegressive Model detected, set the padding side of Tokenizer to right...
2024-09-14 22:43:35,289 - easyeditor.editors.editor - INFO - 0 editing: What university did Watts Humphrey attend? -> University of Michigan  

 {'pre': {'rewrite_acc': [0.3333333333333333], 'portability': {}, 'rephrase_acc': [0.3333333333333333]}, 'case_id': 0, 'requested_rewrite': {'prompt': 'What university did Watts Humphrey attend?', 'target_new': 'University of Michigan', 'ground_truth': '<|endoftext|>', 'portability': {}, 'locality': {'neighborhood': {'prompt': 'nq question: who played desmond doss father in hacksaw ridge', 'ground_truth': 'Hugo Weaving'}}, 'subject': 'Watts Humphrey', 'rephrase_prompt': 'What university did Watts Humphrey take part in?'}, 'post': {'rewrite_acc': [1.0], 'locality': {'neighborhood_acc': [1.0]}, 'portability': {}, 'rephrase_acc': [1.0]}}
2024-09-14 22:46:21,564 - easyeditor.editors.editor - INFO - Instantiating model
2024-09-14 22:46:33,283 - easyeditor.editors.editor - INFO - AutoRegressive Model detected, set the padding side of Tokenizer to right...
2024-09-14 22:47:16,097 - easyeditor.editors.editor - INFO - Instantiating model
2024-09-14 22:47:27,237 - easyeditor.editors.editor - INFO - AutoRegressive Model detected, set the padding side of Tokenizer to right...
2024-09-14 22:47:59,674 - easyeditor.editors.editor - INFO - 0 editing: What university did Watts Humphrey attend? -> University of Michigan  

 {'pre': {'rewrite_acc': [0.3333333333333333], 'portability': {}, 'rephrase_acc': [0.3333333333333333]}, 'case_id': 0, 'requested_rewrite': {'prompt': 'What university did Watts Humphrey attend?', 'target_new': 'University of Michigan', 'ground_truth': '<|endoftext|>', 'portability': {}, 'locality': {'neighborhood': {'prompt': 'nq question: who played desmond doss father in hacksaw ridge', 'ground_truth': 'Hugo Weaving'}}, 'subject': 'Watts Humphrey', 'rephrase_prompt': 'What university did Watts Humphrey take part in?'}, 'post': {'rewrite_acc': [1.0], 'locality': {'neighborhood_acc': [1.0]}, 'portability': {}, 'rephrase_acc': [1.0]}}
2024-09-14 22:48:25,013 - easyeditor.editors.editor - INFO - 1 editing: Which family does Ramalinaceae belong to? -> Lamiinae  

 {'pre': {'rewrite_acc': [0.0], 'portability': {}, 'rephrase_acc': [0.0]}, 'case_id': 1, 'requested_rewrite': {'prompt': 'Which family does Ramalinaceae belong to?', 'target_new': 'Lamiinae', 'ground_truth': '<|endoftext|>', 'portability': {}, 'locality': {'neighborhood': {'prompt': 'nq question: types of skiing in the winter olympics 2018', 'ground_truth': 'Downhill'}}, 'subject': 'Ramalinaceae', 'rephrase_prompt': 'What family are Ramalinaceae?'}, 'post': {'rewrite_acc': [1.0], 'locality': {'neighborhood_acc': [1.0]}, 'portability': {}, 'rephrase_acc': [1.0]}}
2024-09-14 22:49:00,945 - easyeditor.editors.editor - INFO - Instantiating model
2024-09-14 22:49:12,020 - easyeditor.editors.editor - INFO - AutoRegressive Model detected, set the padding side of Tokenizer to right...
2024-09-14 22:49:44,683 - easyeditor.editors.editor - INFO - 0 editing: What university did Watts Humphrey attend? -> University of Michigan  

 {'pre': {'rewrite_acc': [0.3333333333333333], 'portability': {}, 'rephrase_acc': [0.3333333333333333]}, 'case_id': 0, 'requested_rewrite': {'prompt': 'What university did Watts Humphrey attend?', 'target_new': 'University of Michigan', 'ground_truth': '<|endoftext|>', 'portability': {}, 'locality': {'neighborhood': {'prompt': 'nq question: who played desmond doss father in hacksaw ridge', 'ground_truth': 'Hugo Weaving'}}, 'subject': 'Watts Humphrey', 'rephrase_prompt': 'What university did Watts Humphrey take part in?'}, 'post': {'rewrite_acc': [1.0], 'locality': {'neighborhood_acc': [1.0]}, 'portability': {}, 'rephrase_acc': [1.0]}}
2024-09-14 22:52:35,773 - easyeditor.editors.editor - INFO - Instantiating model
2024-09-14 22:52:46,919 - easyeditor.editors.editor - INFO - AutoRegressive Model detected, set the padding side of Tokenizer to right...
2024-09-14 22:53:19,236 - easyeditor.editors.editor - INFO - 0 editing: What university did Watts Humphrey attend? -> University of Michigan  

 {'pre': {'rewrite_acc': [0.3333333333333333], 'portability': {}, 'rephrase_acc': [0.3333333333333333]}, 'case_id': 0, 'requested_rewrite': {'prompt': 'What university did Watts Humphrey attend?', 'target_new': 'University of Michigan', 'ground_truth': '<|endoftext|>', 'portability': {}, 'locality': {'neighborhood': {'prompt': 'nq question: who played desmond doss father in hacksaw ridge', 'ground_truth': 'Hugo Weaving'}}, 'subject': 'Watts Humphrey', 'rephrase_prompt': 'What university did Watts Humphrey take part in?'}, 'post': {'rewrite_acc': [1.0], 'locality': {'neighborhood_acc': [1.0]}, 'portability': {}, 'rephrase_acc': [1.0]}}
2024-09-14 22:58:46,697 - easyeditor.editors.editor - INFO - Instantiating model
2024-09-14 22:58:56,495 - easyeditor.editors.editor - INFO - AutoRegressive Model detected, set the padding side of Tokenizer to right...
2024-09-14 22:59:02,802 - easyeditor.editors.editor - INFO - Instantiating model
2024-09-14 22:59:12,560 - easyeditor.editors.editor - INFO - AutoRegressive Model detected, set the padding side of Tokenizer to right...
2024-09-16 15:49:46,390 - easyeditor.editors.editor - INFO - Instantiating model
2024-09-16 15:49:57,278 - easyeditor.editors.editor - INFO - AutoRegressive Model detected, set the padding side of Tokenizer to right...
2024-09-16 15:52:02,619 - easyeditor.editors.editor - INFO - Instantiating model
2024-09-16 15:52:13,773 - easyeditor.editors.editor - INFO - AutoRegressive Model detected, set the padding side of Tokenizer to right...
2024-09-16 15:52:45,907 - easyeditor.editors.editor - INFO - 0 editing: What university did Watts Humphrey attend? -> University of Michigan  

 {'pre': {'rewrite_acc': [0.3333333333333333], 'portability': {}, 'rephrase_acc': [0.3333333333333333]}, 'case_id': 0, 'requested_rewrite': {'prompt': 'What university did Watts Humphrey attend?', 'target_new': 'University of Michigan', 'ground_truth': '<|endoftext|>', 'portability': {}, 'locality': {'neighborhood': {'prompt': 'nq question: who played desmond doss father in hacksaw ridge', 'ground_truth': 'Hugo Weaving'}}, 'subject': 'Watts Humphrey', 'rephrase_prompt': 'What university did Watts Humphrey take part in?'}, 'post': {'rewrite_acc': [1.0], 'locality': {'neighborhood_acc': [1.0]}, 'portability': {}, 'rephrase_acc': [1.0]}}
2024-09-16 15:53:10,916 - easyeditor.editors.editor - INFO - 1 editing: Which family does Ramalinaceae belong to? -> Lamiinae  

 {'pre': {'rewrite_acc': [0.0], 'portability': {}, 'rephrase_acc': [0.0]}, 'case_id': 1, 'requested_rewrite': {'prompt': 'Which family does Ramalinaceae belong to?', 'target_new': 'Lamiinae', 'ground_truth': '<|endoftext|>', 'portability': {}, 'locality': {'neighborhood': {'prompt': 'nq question: types of skiing in the winter olympics 2018', 'ground_truth': 'Downhill'}}, 'subject': 'Ramalinaceae', 'rephrase_prompt': 'What family are Ramalinaceae?'}, 'post': {'rewrite_acc': [1.0], 'locality': {'neighborhood_acc': [1.0]}, 'portability': {}, 'rephrase_acc': [1.0]}}
2024-09-16 15:59:37,041 - easyeditor.editors.editor - INFO - Instantiating model
2024-09-16 15:59:48,022 - easyeditor.editors.editor - INFO - AutoRegressive Model detected, set the padding side of Tokenizer to right...
2024-09-16 16:00:19,675 - easyeditor.editors.editor - INFO - 0 editing: What university did Watts Humphrey attend? -> University of Michigan  

 {'pre': {'rewrite_acc': [0.3333333333333333], 'portability': {}, 'rephrase_acc': [0.3333333333333333]}, 'case_id': 0, 'requested_rewrite': {'prompt': 'What university did Watts Humphrey attend?', 'target_new': 'University of Michigan', 'ground_truth': '<|endoftext|>', 'portability': {}, 'locality': {'neighborhood': {'prompt': 'nq question: who played desmond doss father in hacksaw ridge', 'ground_truth': 'Hugo Weaving'}}, 'subject': 'Watts Humphrey', 'rephrase_prompt': 'What university did Watts Humphrey take part in?'}, 'post': {'rewrite_acc': [1.0], 'locality': {'neighborhood_acc': [1.0]}, 'portability': {}, 'rephrase_acc': [1.0]}}
2024-09-16 16:02:13,263 - easyeditor.editors.editor - INFO - Instantiating model
2024-09-16 16:02:23,870 - easyeditor.editors.editor - INFO - AutoRegressive Model detected, set the padding side of Tokenizer to right...
2024-09-16 16:02:55,311 - easyeditor.editors.editor - INFO - 0 editing: What university did Watts Humphrey attend? -> University of Michigan  

 {'pre': {'rewrite_acc': [0.3333333333333333], 'portability': {}, 'rephrase_acc': [0.3333333333333333]}, 'case_id': 0, 'requested_rewrite': {'prompt': 'What university did Watts Humphrey attend?', 'target_new': 'University of Michigan', 'ground_truth': '<|endoftext|>', 'portability': {}, 'locality': {'neighborhood': {'prompt': 'nq question: who played desmond doss father in hacksaw ridge', 'ground_truth': 'Hugo Weaving'}}, 'subject': 'Watts Humphrey', 'rephrase_prompt': 'What university did Watts Humphrey take part in?'}, 'post': {'rewrite_acc': [1.0], 'locality': {'neighborhood_acc': [1.0]}, 'portability': {}, 'rephrase_acc': [1.0]}}
2024-09-16 16:04:29,664 - easyeditor.editors.editor - INFO - Instantiating model
2024-09-16 16:04:40,216 - easyeditor.editors.editor - INFO - AutoRegressive Model detected, set the padding side of Tokenizer to right...
2024-09-16 16:05:49,976 - easyeditor.editors.editor - INFO - 0 editing: What university did Watts Humphrey attend? -> University of Michigan  

 {'pre': {'rewrite_acc': [0.3333333333333333], 'portability': {}, 'rephrase_acc': [0.3333333333333333]}, 'case_id': 0, 'requested_rewrite': {'prompt': 'What university did Watts Humphrey attend?', 'target_new': 'University of Michigan', 'ground_truth': '<|endoftext|>', 'portability': {}, 'locality': {'neighborhood': {'prompt': 'nq question: who played desmond doss father in hacksaw ridge', 'ground_truth': 'Hugo Weaving'}}, 'subject': 'Watts Humphrey', 'rephrase_prompt': 'What university did Watts Humphrey take part in?'}, 'post': {'rewrite_acc': [1.0], 'locality': {'neighborhood_acc': [1.0]}, 'portability': {}, 'rephrase_acc': [1.0]}}
2024-09-16 16:10:33,603 - easyeditor.editors.editor - INFO - Instantiating model
2024-09-16 16:10:44,203 - easyeditor.editors.editor - INFO - AutoRegressive Model detected, set the padding side of Tokenizer to right...
2024-09-16 16:12:29,077 - easyeditor.editors.editor - INFO - 0 editing: What university did Watts Humphrey attend? -> University of Michigan  

 {'pre': {'rewrite_acc': [0.3333333333333333], 'portability': {}, 'rephrase_acc': [0.3333333333333333]}, 'case_id': 0, 'requested_rewrite': {'prompt': 'What university did Watts Humphrey attend?', 'target_new': 'University of Michigan', 'ground_truth': '<|endoftext|>', 'portability': {}, 'locality': {'neighborhood': {'prompt': 'nq question: who played desmond doss father in hacksaw ridge', 'ground_truth': 'Hugo Weaving'}}, 'subject': 'Watts Humphrey', 'rephrase_prompt': 'What university did Watts Humphrey take part in?'}, 'post': {'rewrite_acc': [1.0], 'locality': {'neighborhood_acc': [1.0]}, 'portability': {}, 'rephrase_acc': [1.0]}}
2024-09-16 16:12:29,448 - easyeditor.editors.editor - INFO - 1 editing: Which family does Ramalinaceae belong to? -> Lamiinae  

 {'pre': {'rewrite_acc': [0.0], 'portability': {}, 'rephrase_acc': [0.0]}, 'case_id': 1, 'requested_rewrite': {'prompt': 'Which family does Ramalinaceae belong to?', 'target_new': 'Lamiinae', 'ground_truth': '<|endoftext|>', 'portability': {}, 'locality': {'neighborhood': {'prompt': 'nq question: types of skiing in the winter olympics 2018', 'ground_truth': 'Downhill'}}, 'subject': 'Ramalinaceae', 'rephrase_prompt': 'What family are Ramalinaceae?'}, 'post': {'rewrite_acc': [1.0], 'locality': {'neighborhood_acc': [1.0]}, 'portability': {}, 'rephrase_acc': [1.0]}}
2024-09-16 16:33:34,922 - easyeditor.editors.editor - INFO - Instantiating model
2024-09-16 16:33:45,472 - easyeditor.editors.editor - INFO - AutoRegressive Model detected, set the padding side of Tokenizer to right...
2024-09-16 16:34:17,132 - easyeditor.editors.editor - INFO - 0 editing: What university did Watts Humphrey attend? -> University of Michigan  

 {'pre': {'rewrite_acc': [0.3333333333333333], 'portability': {}, 'rephrase_acc': [0.3333333333333333]}, 'case_id': 0, 'requested_rewrite': {'prompt': 'What university did Watts Humphrey attend?', 'target_new': 'University of Michigan', 'ground_truth': '<|endoftext|>', 'portability': {}, 'locality': {'neighborhood': {'prompt': 'nq question: who played desmond doss father in hacksaw ridge', 'ground_truth': 'Hugo Weaving'}}, 'subject': 'Watts Humphrey', 'rephrase_prompt': 'What university did Watts Humphrey take part in?'}, 'post': {'rewrite_acc': [1.0], 'locality': {'neighborhood_acc': [1.0]}, 'portability': {}, 'rephrase_acc': [1.0]}}
2024-09-16 16:34:41,782 - easyeditor.editors.editor - INFO - 1 editing: Which family does Ramalinaceae belong to? -> Lamiinae  

 {'pre': {'rewrite_acc': [0.0], 'portability': {}, 'rephrase_acc': [0.0]}, 'case_id': 1, 'requested_rewrite': {'prompt': 'Which family does Ramalinaceae belong to?', 'target_new': 'Lamiinae', 'ground_truth': '<|endoftext|>', 'portability': {}, 'locality': {'neighborhood': {'prompt': 'nq question: types of skiing in the winter olympics 2018', 'ground_truth': 'Downhill'}}, 'subject': 'Ramalinaceae', 'rephrase_prompt': 'What family are Ramalinaceae?'}, 'post': {'rewrite_acc': [1.0], 'locality': {'neighborhood_acc': [1.0]}, 'portability': {}, 'rephrase_acc': [1.0]}}
2024-09-16 16:38:32,078 - easyeditor.editors.editor - INFO - Instantiating model
2024-09-16 16:38:40,534 - easyeditor.editors.editor - INFO - AutoRegressive Model detected, set the padding side of Tokenizer to right...
2024-09-16 16:39:21,985 - easyeditor.editors.editor - INFO - Instantiating model
2024-09-16 16:39:32,643 - easyeditor.editors.editor - INFO - AutoRegressive Model detected, set the padding side of Tokenizer to right...
2024-09-16 16:40:04,866 - easyeditor.editors.editor - INFO - 0 editing: What university did Watts Humphrey attend? -> University of Michigan  

 {'pre': {'rewrite_acc': [0.3333333333333333], 'portability': {}, 'rephrase_acc': [0.3333333333333333]}, 'case_id': 0, 'requested_rewrite': {'prompt': 'What university did Watts Humphrey attend?', 'target_new': 'University of Michigan', 'ground_truth': '<|endoftext|>', 'portability': {}, 'locality': {'neighborhood': {'prompt': 'nq question: who played desmond doss father in hacksaw ridge', 'ground_truth': 'Hugo Weaving'}}, 'subject': 'Watts Humphrey', 'rephrase_prompt': 'What university did Watts Humphrey take part in?'}, 'post': {'rewrite_acc': [1.0], 'locality': {'neighborhood_acc': [1.0]}, 'portability': {}, 'rephrase_acc': [1.0]}}
2024-09-16 16:40:30,128 - easyeditor.editors.editor - INFO - 1 editing: Which family does Ramalinaceae belong to? -> Lamiinae  

 {'pre': {'rewrite_acc': [0.0], 'portability': {}, 'rephrase_acc': [0.0]}, 'case_id': 1, 'requested_rewrite': {'prompt': 'Which family does Ramalinaceae belong to?', 'target_new': 'Lamiinae', 'ground_truth': '<|endoftext|>', 'portability': {}, 'locality': {'neighborhood': {'prompt': 'nq question: types of skiing in the winter olympics 2018', 'ground_truth': 'Downhill'}}, 'subject': 'Ramalinaceae', 'rephrase_prompt': 'What family are Ramalinaceae?'}, 'post': {'rewrite_acc': [1.0], 'locality': {'neighborhood_acc': [1.0]}, 'portability': {}, 'rephrase_acc': [1.0]}}
2024-09-18 15:32:52,070 - easyeditor.editors.editor - INFO - Instantiating model
2024-09-18 15:33:03,101 - easyeditor.editors.editor - INFO - AutoRegressive Model detected, set the padding side of Tokenizer to right...
2024-09-18 15:33:20,880 - easyeditor.editors.editor - INFO - Instantiating model
2024-09-18 15:33:31,771 - easyeditor.editors.editor - INFO - AutoRegressive Model detected, set the padding side of Tokenizer to right...
2024-09-18 15:35:41,064 - easyeditor.editors.editor - INFO - Instantiating model
2024-09-18 15:35:51,913 - easyeditor.editors.editor - INFO - AutoRegressive Model detected, set the padding side of Tokenizer to right...
2024-09-18 15:37:05,112 - easyeditor.editors.editor - INFO - Instantiating model
2024-09-18 15:37:16,164 - easyeditor.editors.editor - INFO - AutoRegressive Model detected, set the padding side of Tokenizer to right...
2024-09-18 15:38:46,016 - easyeditor.editors.editor - INFO - Instantiating model
2024-09-18 15:38:56,956 - easyeditor.editors.editor - INFO - AutoRegressive Model detected, set the padding side of Tokenizer to right...
2024-09-18 15:45:59,648 - easyeditor.editors.editor - INFO - Instantiating model
2024-09-18 15:46:09,992 - easyeditor.editors.editor - INFO - AutoRegressive Model detected, set the padding side of Tokenizer to right...
2024-09-18 15:50:20,398 - easyeditor.editors.editor - INFO - Instantiating model
2024-09-18 15:50:30,630 - easyeditor.editors.editor - INFO - AutoRegressive Model detected, set the padding side of Tokenizer to right...
2024-09-18 15:51:25,616 - easyeditor.editors.editor - INFO - Instantiating model
2024-09-18 15:51:35,923 - easyeditor.editors.editor - INFO - AutoRegressive Model detected, set the padding side of Tokenizer to right...
2024-09-18 16:03:16,513 - easyeditor.editors.editor - INFO - Instantiating model
2024-09-18 16:03:26,725 - easyeditor.editors.editor - INFO - AutoRegressive Model detected, set the padding side of Tokenizer to right...
2024-09-18 16:23:19,915 - easyeditor.editors.editor - INFO - Instantiating model
2024-09-18 16:23:30,131 - easyeditor.editors.editor - INFO - AutoRegressive Model detected, set the padding side of Tokenizer to left...
2024-09-18 16:26:31,281 - easyeditor.editors.editor - INFO - Instantiating model
2024-09-18 16:26:41,484 - easyeditor.editors.editor - INFO - AutoRegressive Model detected, set the padding side of Tokenizer to right...
2024-09-18 16:38:05,581 - easyeditor.editors.editor - INFO - Instantiating model
2024-09-18 16:38:35,500 - easyeditor.editors.editor - INFO - Instantiating model
2024-09-18 16:39:10,907 - easyeditor.editors.editor - INFO - Instantiating model
2024-09-18 16:44:12,791 - easyeditor.editors.editor - INFO - Instantiating model
2024-09-18 16:44:13,641 - easyeditor.editors.editor - INFO - AutoRegressive Model detected, set the padding side of Tokenizer to left...
2024-09-18 16:44:55,785 - easyeditor.editors.editor - INFO - 0 editing: Which family does Epaspidoceras belong to? -> Noctuidae  

 {'pre': {'rewrite_acc': [0.0], 'rewrite_F1': 0.0, 'portability': {'reasoning_acc': [0.0]}}, 'case_id': 0, 'requested_rewrite': {'prompt': 'Which family does Epaspidoceras belong to?', 'target_new': 'Noctuidae', 'ground_truth': '<|endoftext|>', 'portability': {'reasoning': {'prompt': ['What is the common name for the family Epaspidoceras belongs to?'], 'ground_truth': ['Owlet moths']}}, 'locality': {'Relation_Specificity': {'prompt': ['The taxon rank of Epaspidoceras is', 'Epaspidoceras taxon rank'], 'ground_truth': ['genus', 'genus']}}, 'subject': 'Epaspidoceras'}, 'post': {'rewrite_acc': [0.0], 'rewrite_F1': 0.0, 'locality': {'Relation_Specificity_acc': [1.0, 1.0]}, 'portability': {'reasoning_acc': [0.0]}}}
2024-09-18 16:44:56,215 - easyeditor.editors.editor - INFO - 1 editing: What species is ZIC3 specific to? -> male  

 {'pre': {'rewrite_acc': [0.0], 'rewrite_F1': 0.0, 'portability': {'Subject_Aliasing_acc': [0.0]}}, 'case_id': 1, 'requested_rewrite': {'prompt': 'What species is ZIC3 specific to?', 'target_new': 'male', 'ground_truth': '<|endoftext|>', 'portability': {'Subject_Aliasing': {'prompt': ['What is the function of Zic family member 3?'], 'ground_truth': ['male']}}, 'locality': {'Relation_Specificity': {'prompt': ['The strand orientation of ZIC3 is', 'ZIC3 strand orientation'], 'ground_truth': ['forward strand', 'forward strand']}}, 'subject': 'ZIC3'}, 'post': {'rewrite_acc': [0.0], 'rewrite_F1': 0.0, 'locality': {'Relation_Specificity_acc': [1.0, 1.0]}, 'portability': {'Subject_Aliasing_acc': [0.0]}}}
2024-09-18 16:49:37,172 - easyeditor.editors.editor - INFO - Instantiating model
2024-09-18 16:49:38,009 - easyeditor.editors.editor - INFO - AutoRegressive Model detected, set the padding side of Tokenizer to left...
2024-09-18 16:49:53,348 - easyeditor.editors.editor - INFO - Instantiating model
2024-09-18 16:49:54,204 - easyeditor.editors.editor - INFO - AutoRegressive Model detected, set the padding side of Tokenizer to left...
2024-09-18 16:50:03,283 - easyeditor.editors.editor - INFO - 0 editing: Which family does Epaspidoceras belong to? -> Noctuidae  

 {'pre': {'rewrite_acc': [0.3333333333333333], 'portability': {'reasoning_acc': [0.25]}}, 'case_id': 0, 'requested_rewrite': {'prompt': 'Which family does Epaspidoceras belong to?', 'target_new': 'Noctuidae', 'ground_truth': '<|endoftext|>', 'portability': {'reasoning': {'prompt': ['What is the common name for the family Epaspidoceras belongs to?'], 'ground_truth': ['Owlet moths']}}, 'locality': {'Relation_Specificity': {'prompt': ['The taxon rank of Epaspidoceras is', 'Epaspidoceras taxon rank'], 'ground_truth': ['genus', 'genus']}}, 'subject': 'Epaspidoceras'}, 'post': {'rewrite_acc': [0.0], 'locality': {'Relation_Specificity_acc': [0.0, 0.0]}, 'portability': {'reasoning_acc': [0.0]}}}
2024-09-18 16:50:03,468 - easyeditor.editors.editor - INFO - 1 editing: What species is ZIC3 specific to? -> male  

 {'pre': {'rewrite_acc': [0.0], 'portability': {'Subject_Aliasing_acc': [0.0]}}, 'case_id': 1, 'requested_rewrite': {'prompt': 'What species is ZIC3 specific to?', 'target_new': 'male', 'ground_truth': '<|endoftext|>', 'portability': {'Subject_Aliasing': {'prompt': ['What is the function of Zic family member 3?'], 'ground_truth': ['male']}}, 'locality': {'Relation_Specificity': {'prompt': ['The strand orientation of ZIC3 is', 'ZIC3 strand orientation'], 'ground_truth': ['forward strand', 'forward strand']}}, 'subject': 'ZIC3'}, 'post': {'rewrite_acc': [1.0], 'locality': {'Relation_Specificity_acc': [0.5, 0.0]}, 'portability': {'Subject_Aliasing_acc': [0.0]}}}
2024-09-18 16:51:32,256 - easyeditor.editors.editor - INFO - Instantiating model
2024-09-18 16:52:12,346 - easyeditor.editors.editor - INFO - Instantiating model
2024-09-18 16:52:22,634 - easyeditor.editors.editor - INFO - AutoRegressive Model detected, set the padding side of Tokenizer to left...
2024-09-18 16:52:34,547 - easyeditor.editors.editor - INFO - 0 editing: Which family does Epaspidoceras belong to? -> Noctuidae  

 {'pre': {'rewrite_acc': [0.3333333333333333], 'portability': {'reasoning_acc': [0.2]}}, 'case_id': 0, 'requested_rewrite': {'prompt': 'Which family does Epaspidoceras belong to?', 'target_new': 'Noctuidae', 'ground_truth': '<|endoftext|>', 'portability': {'reasoning': {'prompt': ['What is the common name for the family Epaspidoceras belongs to?'], 'ground_truth': ['Owlet moths']}}, 'locality': {'Relation_Specificity': {'prompt': ['The taxon rank of Epaspidoceras is', 'Epaspidoceras taxon rank'], 'ground_truth': ['genus', 'genus']}}, 'subject': 'Epaspidoceras'}, 'post': {'rewrite_acc': [0.3333333333333333], 'locality': {'Relation_Specificity_acc': [0.0, 0.0]}, 'portability': {'reasoning_acc': [0.2]}}}
2024-09-18 16:52:34,933 - easyeditor.editors.editor - INFO - 1 editing: What species is ZIC3 specific to? -> male  

 {'pre': {'rewrite_acc': [0.0], 'portability': {'Subject_Aliasing_acc': [0.0]}}, 'case_id': 1, 'requested_rewrite': {'prompt': 'What species is ZIC3 specific to?', 'target_new': 'male', 'ground_truth': '<|endoftext|>', 'portability': {'Subject_Aliasing': {'prompt': ['What is the function of Zic family member 3?'], 'ground_truth': ['male']}}, 'locality': {'Relation_Specificity': {'prompt': ['The strand orientation of ZIC3 is', 'ZIC3 strand orientation'], 'ground_truth': ['forward strand', 'forward strand']}}, 'subject': 'ZIC3'}, 'post': {'rewrite_acc': [1.0], 'locality': {'Relation_Specificity_acc': [0.6666666666666666, 1.0]}, 'portability': {'Subject_Aliasing_acc': [0.0]}}}
2024-09-18 16:58:28,169 - easyeditor.editors.editor - INFO - Instantiating model
2024-09-18 16:58:49,509 - easyeditor.editors.editor - INFO - Instantiating model
2024-09-18 16:58:50,438 - easyeditor.editors.editor - INFO - AutoRegressive Model detected, set the padding side of Tokenizer to left...
2024-09-18 16:59:10,229 - easyeditor.editors.editor - INFO - Instantiating model
2024-09-18 16:59:11,135 - easyeditor.editors.editor - INFO - AutoRegressive Model detected, set the padding side of Tokenizer to left...
2024-09-18 17:02:31,551 - easyeditor.editors.editor - INFO - Instantiating model
2024-09-18 17:02:42,461 - easyeditor.editors.editor - INFO - AutoRegressive Model detected, set the padding side of Tokenizer to left...
2024-09-18 17:08:00,895 - easyeditor.editors.editor - INFO - Instantiating model
2024-09-18 17:18:21,431 - easyeditor.editors.editor - INFO - Instantiating model
2024-09-18 17:18:22,294 - easyeditor.editors.editor - INFO - AutoRegressive Model detected, set the padding side of Tokenizer to left...
2024-09-18 17:18:28,044 - easyeditor.editors.editor - INFO - 0 editing: Which family does Epaspidoceras belong to? -> Noctuidae  

 {'pre': {'rewrite_acc': 0.3333333432674408, 'locality': {'Relation_Specificity_acc': [1.0, 1.0]}, 'portability': {'reasoning_acc': [0.25]}}, 'case_id': 0, 'requested_rewrite': {'prompt': 'Which family does Epaspidoceras belong to?', 'target_new': 'Noctuidae', 'ground_truth': '<|endoftext|>', 'portability': {'reasoning': {'prompt': ['What is the common name for the family Epaspidoceras belongs to?'], 'ground_truth': ['Owlet moths']}}, 'locality': {'Relation_Specificity': {'prompt': ['The taxon rank of Epaspidoceras is', 'Epaspidoceras taxon rank'], 'ground_truth': ['genus', 'genus']}}, 'subject': 'Epaspidoceras'}, 'post': {'rewrite_acc': 1.0, 'locality': {'Relation_Specificity_acc': [0.0, 1.0]}, 'portability': {'reasoning_acc': [0.25]}}}
2024-09-18 17:18:29,411 - easyeditor.editors.editor - INFO - 1 editing: What species is ZIC3 specific to? -> male  

 {'pre': {'rewrite_acc': 0.0, 'locality': {'Relation_Specificity_acc': [1.0, 1.0]}, 'portability': {'Subject_Aliasing_acc': [0.0]}}, 'case_id': 1, 'requested_rewrite': {'prompt': 'What species is ZIC3 specific to?', 'target_new': 'male', 'ground_truth': '<|endoftext|>', 'portability': {'Subject_Aliasing': {'prompt': ['What is the function of Zic family member 3?'], 'ground_truth': ['male']}}, 'locality': {'Relation_Specificity': {'prompt': ['The strand orientation of ZIC3 is', 'ZIC3 strand orientation'], 'ground_truth': ['forward strand', 'forward strand']}}, 'subject': 'ZIC3'}, 'post': {'rewrite_acc': 1.0, 'locality': {'Relation_Specificity_acc': [1.0, 1.0]}, 'portability': {'Subject_Aliasing_acc': [1.0]}}}
2024-09-18 17:19:57,223 - easyeditor.editors.editor - INFO - Instantiating model
2024-09-18 17:19:58,083 - easyeditor.editors.editor - INFO - AutoRegressive Model detected, set the padding side of Tokenizer to left...
2024-09-18 17:20:03,772 - easyeditor.editors.editor - INFO - 0 editing: Which family does Epaspidoceras belong to? -> Noctuidae  

 {'pre': {'rewrite_acc': 0.3333333432674408, 'locality': {'Relation_Specificity_acc': [1.0, 1.0]}, 'portability': {'reasoning_acc': [0.25]}}, 'case_id': 0, 'requested_rewrite': {'prompt': 'Which family does Epaspidoceras belong to?', 'target_new': 'Noctuidae', 'ground_truth': '<|endoftext|>', 'portability': {'reasoning': {'prompt': ['What is the common name for the family Epaspidoceras belongs to?'], 'ground_truth': ['Owlet moths']}}, 'locality': {'Relation_Specificity': {'prompt': ['The taxon rank of Epaspidoceras is', 'Epaspidoceras taxon rank'], 'ground_truth': ['genus', 'genus']}}, 'subject': 'Epaspidoceras'}, 'post': {'rewrite_acc': 1.0, 'locality': {'Relation_Specificity_acc': [0.0, 1.0]}, 'portability': {'reasoning_acc': [0.25]}}}
2024-09-18 17:20:05,140 - easyeditor.editors.editor - INFO - 1 editing: What species is ZIC3 specific to? -> male  

 {'pre': {'rewrite_acc': 0.0, 'locality': {'Relation_Specificity_acc': [1.0, 1.0]}, 'portability': {'Subject_Aliasing_acc': [0.0]}}, 'case_id': 1, 'requested_rewrite': {'prompt': 'What species is ZIC3 specific to?', 'target_new': 'male', 'ground_truth': '<|endoftext|>', 'portability': {'Subject_Aliasing': {'prompt': ['What is the function of Zic family member 3?'], 'ground_truth': ['male']}}, 'locality': {'Relation_Specificity': {'prompt': ['The strand orientation of ZIC3 is', 'ZIC3 strand orientation'], 'ground_truth': ['forward strand', 'forward strand']}}, 'subject': 'ZIC3'}, 'post': {'rewrite_acc': 1.0, 'locality': {'Relation_Specificity_acc': [1.0, 1.0]}, 'portability': {'Subject_Aliasing_acc': [1.0]}}}
2024-09-18 17:20:59,331 - easyeditor.editors.editor - INFO - Instantiating model
2024-09-18 17:21:08,812 - easyeditor.editors.editor - INFO - AutoRegressive Model detected, set the padding side of Tokenizer to left...
2024-09-18 17:21:16,119 - easyeditor.editors.editor - INFO - 0 editing: Which family does Epaspidoceras belong to? -> Noctuidae  

 {'pre': {'rewrite_acc': 0.3333333432674408, 'locality': {'Relation_Specificity_acc': [1.0, 1.0]}, 'portability': {'reasoning_acc': [0.20000000298023224]}}, 'case_id': 0, 'requested_rewrite': {'prompt': 'Which family does Epaspidoceras belong to?', 'target_new': 'Noctuidae', 'ground_truth': '<|endoftext|>', 'portability': {'reasoning': {'prompt': ['What is the common name for the family Epaspidoceras belongs to?'], 'ground_truth': ['Owlet moths']}}, 'locality': {'Relation_Specificity': {'prompt': ['The taxon rank of Epaspidoceras is', 'Epaspidoceras taxon rank'], 'ground_truth': ['genus', 'genus']}}, 'subject': 'Epaspidoceras'}, 'post': {'rewrite_acc': 1.0, 'locality': {'Relation_Specificity_acc': [0.0, 1.0]}, 'portability': {'reasoning_acc': [0.800000011920929]}}}
2024-09-18 17:21:20,474 - easyeditor.editors.editor - INFO - 1 editing: What species is ZIC3 specific to? -> male  

 {'pre': {'rewrite_acc': 0.0, 'locality': {'Relation_Specificity_acc': [1.0, 1.0]}, 'portability': {'Subject_Aliasing_acc': [0.0]}}, 'case_id': 1, 'requested_rewrite': {'prompt': 'What species is ZIC3 specific to?', 'target_new': 'male', 'ground_truth': '<|endoftext|>', 'portability': {'Subject_Aliasing': {'prompt': ['What is the function of Zic family member 3?'], 'ground_truth': ['male']}}, 'locality': {'Relation_Specificity': {'prompt': ['The strand orientation of ZIC3 is', 'ZIC3 strand orientation'], 'ground_truth': ['forward strand', 'forward strand']}}, 'subject': 'ZIC3'}, 'post': {'rewrite_acc': 1.0, 'locality': {'Relation_Specificity_acc': [0.6666666666666666, 1.0]}, 'portability': {'Subject_Aliasing_acc': [1.0]}}}
2024-09-18 17:32:36,829 - easyeditor.editors.editor - INFO - Instantiating model
2024-09-18 17:32:37,685 - easyeditor.editors.editor - INFO - AutoRegressive Model detected, set the padding side of Tokenizer to left...
2024-09-18 17:40:14,191 - easyeditor.editors.editor - INFO - Instantiating model
2024-09-18 17:40:24,316 - easyeditor.editors.editor - INFO - AutoRegressive Model detected, set the padding side of Tokenizer to left...
2024-09-18 17:40:36,269 - easyeditor.editors.editor - INFO - 0 editing: Which family does Epaspidoceras belong to? -> Noctuidae  

 {'pre': {'rewrite_acc': [0.3333333333333333], 'portability': {'reasoning_acc': [0.2]}}, 'case_id': 0, 'requested_rewrite': {'prompt': 'Which family does Epaspidoceras belong to?', 'target_new': 'Noctuidae', 'ground_truth': '<|endoftext|>', 'portability': {'reasoning': {'prompt': ['What is the common name for the family Epaspidoceras belongs to?'], 'ground_truth': ['Owlet moths']}}, 'locality': {'Relation_Specificity': {'prompt': ['The taxon rank of Epaspidoceras is', 'Epaspidoceras taxon rank'], 'ground_truth': ['genus', 'genus']}}, 'subject': 'Epaspidoceras'}, 'post': {'rewrite_acc': [0.3333333333333333], 'locality': {'Relation_Specificity_acc': [0.0, 0.0]}, 'portability': {'reasoning_acc': [0.2]}}}
2024-09-18 17:40:36,652 - easyeditor.editors.editor - INFO - 1 editing: What species is ZIC3 specific to? -> male  

 {'pre': {'rewrite_acc': [0.0], 'portability': {'Subject_Aliasing_acc': [0.0]}}, 'case_id': 1, 'requested_rewrite': {'prompt': 'What species is ZIC3 specific to?', 'target_new': 'male', 'ground_truth': '<|endoftext|>', 'portability': {'Subject_Aliasing': {'prompt': ['What is the function of Zic family member 3?'], 'ground_truth': ['male']}}, 'locality': {'Relation_Specificity': {'prompt': ['The strand orientation of ZIC3 is', 'ZIC3 strand orientation'], 'ground_truth': ['forward strand', 'forward strand']}}, 'subject': 'ZIC3'}, 'post': {'rewrite_acc': [1.0], 'locality': {'Relation_Specificity_acc': [0.6666666666666666, 1.0]}, 'portability': {'Subject_Aliasing_acc': [0.0]}}}
2024-09-18 17:41:17,420 - easyeditor.editors.editor - INFO - Instantiating model
2024-09-18 17:41:18,312 - easyeditor.editors.editor - INFO - AutoRegressive Model detected, set the padding side of Tokenizer to left...
2024-09-18 17:48:00,149 - easyeditor.editors.editor - INFO - Instantiating model
2024-09-18 17:48:10,671 - easyeditor.editors.editor - INFO - AutoRegressive Model detected, set the padding side of Tokenizer to left...
2024-09-18 17:48:22,610 - easyeditor.editors.editor - INFO - 0 editing: Which family does Epaspidoceras belong to? -> Noctuidae  

 {'pre': {'rewrite_acc': [0.3333333333333333], 'portability': {'reasoning_acc': [0.2]}}, 'case_id': 0, 'requested_rewrite': {'prompt': 'Which family does Epaspidoceras belong to?', 'target_new': 'Noctuidae', 'ground_truth': '<|endoftext|>', 'portability': {'reasoning': {'prompt': ['What is the common name for the family Epaspidoceras belongs to?'], 'ground_truth': ['Owlet moths']}}, 'locality': {'Relation_Specificity': {'prompt': ['The taxon rank of Epaspidoceras is', 'Epaspidoceras taxon rank'], 'ground_truth': ['genus', 'genus']}}, 'subject': 'Epaspidoceras'}, 'post': {'rewrite_acc': [0.3333333333333333], 'locality': {'Relation_Specificity_acc': [0.0, 0.0]}, 'portability': {'reasoning_acc': [0.2]}}}
2024-09-18 17:48:22,998 - easyeditor.editors.editor - INFO - 1 editing: What species is ZIC3 specific to? -> male  

 {'pre': {'rewrite_acc': [0.0], 'portability': {'Subject_Aliasing_acc': [0.0]}}, 'case_id': 1, 'requested_rewrite': {'prompt': 'What species is ZIC3 specific to?', 'target_new': 'male', 'ground_truth': '<|endoftext|>', 'portability': {'Subject_Aliasing': {'prompt': ['What is the function of Zic family member 3?'], 'ground_truth': ['male']}}, 'locality': {'Relation_Specificity': {'prompt': ['The strand orientation of ZIC3 is', 'ZIC3 strand orientation'], 'ground_truth': ['forward strand', 'forward strand']}}, 'subject': 'ZIC3'}, 'post': {'rewrite_acc': [1.0], 'locality': {'Relation_Specificity_acc': [0.6666666666666666, 1.0]}, 'portability': {'Subject_Aliasing_acc': [0.0]}}}
2024-09-18 17:49:02,807 - easyeditor.editors.editor - INFO - Instantiating model
2024-09-18 17:49:03,684 - easyeditor.editors.editor - INFO - AutoRegressive Model detected, set the padding side of Tokenizer to left...
